Compilation_tasks/linux_2018-05-27-16-23-13/secu_compile/1819-academic-calendar_0_0	-Wall	-O0, b'', b'ld: warning: ignoring file Compilation_tasks/linux_2018-05-27-16-23-13/1819-academic-calendar.pdf, file was built for unsupported file format ( 0x25 0x50 0x44 0x46 0x2D 0x31 0x2E 0x35 0x0D 0x25 0xE2 0xE3 0xCF 0xD3 0x0D 0x0A ) which is not the architecture being linked (x86_64): Compilation_tasks/linux_2018-05-27-16-23-13/1819-academic-calendar.pdf\nUndefined symbols for architecture x86_64:\n  "_main", referenced from:\n     implicit entry/start for main executable\nld: symbol(s) not found for architecture x86_64\nclang: error: linker command failed with exit code 1 (use -v to see invocation)\n'
Compilation_tasks/linux_2018-05-27-16-23-13/secu_compile/1819-academic-calendar_0_1	-Wall	-O1, b'', b'ld: warning: ignoring file Compilation_tasks/linux_2018-05-27-16-23-13/1819-academic-calendar.pdf, file was built for unsupported file format ( 0x25 0x50 0x44 0x46 0x2D 0x31 0x2E 0x35 0x0D 0x25 0xE2 0xE3 0xCF 0xD3 0x0D 0x0A ) which is not the architecture being linked (x86_64): Compilation_tasks/linux_2018-05-27-16-23-13/1819-academic-calendar.pdf\nUndefined symbols for architecture x86_64:\n  "_main", referenced from:\n     implicit entry/start for main executable\nld: symbol(s) not found for architecture x86_64\nclang: error: linker command failed with exit code 1 (use -v to see invocation)\n'
Compilation_tasks/linux_2018-05-27-16-23-13/secu_compile/1819-academic-calendar_0_2	-Wall	-O2, b'', b'ld: warning: ignoring file Compilation_tasks/linux_2018-05-27-16-23-13/1819-academic-calendar.pdf, file was built for unsupported file format ( 0x25 0x50 0x44 0x46 0x2D 0x31 0x2E 0x35 0x0D 0x25 0xE2 0xE3 0xCF 0xD3 0x0D 0x0A ) which is not the architecture being linked (x86_64): Compilation_tasks/linux_2018-05-27-16-23-13/1819-academic-calendar.pdf\nUndefined symbols for architecture x86_64:\n  "_main", referenced from:\n     implicit entry/start for main executable\nld: symbol(s) not found for architecture x86_64\nclang: error: linker command failed with exit code 1 (use -v to see invocation)\n'
Compilation_tasks/linux_2018-05-27-16-23-13/secu_compile/1819-academic-calendar_0_3	-Wall	-O3, b'', b'ld: warning: ignoring file Compilation_tasks/linux_2018-05-27-16-23-13/1819-academic-calendar.pdf, file was built for unsupported file format ( 0x25 0x50 0x44 0x46 0x2D 0x31 0x2E 0x35 0x0D 0x25 0xE2 0xE3 0xCF 0xD3 0x0D 0x0A ) which is not the architecture being linked (x86_64): Compilation_tasks/linux_2018-05-27-16-23-13/1819-academic-calendar.pdf\nUndefined symbols for architecture x86_64:\n  "_main", referenced from:\n     implicit entry/start for main executable\nld: symbol(s) not found for architecture x86_64\nclang: error: linker command failed with exit code 1 (use -v to see invocation)\n'
Compilation_tasks/linux_2018-05-27-16-23-13/secu_compile/1819-academic-calendar_1_0	-Wextra	-O0, b'', b'ld: warning: ignoring file Compilation_tasks/linux_2018-05-27-16-23-13/1819-academic-calendar.pdf, file was built for unsupported file format ( 0x25 0x50 0x44 0x46 0x2D 0x31 0x2E 0x35 0x0D 0x25 0xE2 0xE3 0xCF 0xD3 0x0D 0x0A ) which is not the architecture being linked (x86_64): Compilation_tasks/linux_2018-05-27-16-23-13/1819-academic-calendar.pdf\nUndefined symbols for architecture x86_64:\n  "_main", referenced from:\n     implicit entry/start for main executable\nld: symbol(s) not found for architecture x86_64\nclang: error: linker command failed with exit code 1 (use -v to see invocation)\n'
Compilation_tasks/linux_2018-05-27-16-23-13/secu_compile/1819-academic-calendar_1_1	-Wextra	-O1, b'', b'ld: warning: ignoring file Compilation_tasks/linux_2018-05-27-16-23-13/1819-academic-calendar.pdf, file was built for unsupported file format ( 0x25 0x50 0x44 0x46 0x2D 0x31 0x2E 0x35 0x0D 0x25 0xE2 0xE3 0xCF 0xD3 0x0D 0x0A ) which is not the architecture being linked (x86_64): Compilation_tasks/linux_2018-05-27-16-23-13/1819-academic-calendar.pdf\nUndefined symbols for architecture x86_64:\n  "_main", referenced from:\n     implicit entry/start for main executable\nld: symbol(s) not found for architecture x86_64\nclang: error: linker command failed with exit code 1 (use -v to see invocation)\n'
Compilation_tasks/linux_2018-05-27-16-23-13/secu_compile/1819-academic-calendar_1_2	-Wextra	-O2, b'', b'ld: warning: ignoring file Compilation_tasks/linux_2018-05-27-16-23-13/1819-academic-calendar.pdf, file was built for unsupported file format ( 0x25 0x50 0x44 0x46 0x2D 0x31 0x2E 0x35 0x0D 0x25 0xE2 0xE3 0xCF 0xD3 0x0D 0x0A ) which is not the architecture being linked (x86_64): Compilation_tasks/linux_2018-05-27-16-23-13/1819-academic-calendar.pdf\nUndefined symbols for architecture x86_64:\n  "_main", referenced from:\n     implicit entry/start for main executable\nld: symbol(s) not found for architecture x86_64\nclang: error: linker command failed with exit code 1 (use -v to see invocation)\n'
Compilation_tasks/linux_2018-05-27-16-23-13/secu_compile/1819-academic-calendar_1_3	-Wextra	-O3, b'', b'ld: warning: ignoring file Compilation_tasks/linux_2018-05-27-16-23-13/1819-academic-calendar.pdf, file was built for unsupported file format ( 0x25 0x50 0x44 0x46 0x2D 0x31 0x2E 0x35 0x0D 0x25 0xE2 0xE3 0xCF 0xD3 0x0D 0x0A ) which is not the architecture being linked (x86_64): Compilation_tasks/linux_2018-05-27-16-23-13/1819-academic-calendar.pdf\nUndefined symbols for architecture x86_64:\n  "_main", referenced from:\n     implicit entry/start for main executable\nld: symbol(s) not found for architecture x86_64\nclang: error: linker command failed with exit code 1 (use -v to see invocation)\n'
